OBJ: 
3666
3604
3599
3522
3454
3328
3299
3296
3238
3191
3125
2978
2963
2932
2890
2883
2857
2851
2703
2691
2589
2520
2518
2502
2464
Optimized the first Model!
Optimization-0-OBJ:
1258
1242
1216
1192
1174
1128
1104
1096
1088
1072
1068
1066
1028
1024
994
990
966
948
910
888
Done optimization for 0-courier
Optimization-1-OBJ:
1104
1084
996
992
962
938
904
890
876
852
850
846
832
794
758
756
744
732
720
714
704
670
Done optimization for 1-courier
Optimization-2-OBJ:
828
804
800
772
696
666
600
584
582
554
532
522
466
460
454
448
440
Done optimization for 2-courier
Courier 1: o -> d29 -> d0 -> d13 -> d27 -> d35 -> d47 -> d8 -> d43 -> d30 -> d14 -> d6 -> d34 -> d1 -> d39 -> d20 -> d42 -> d41 -> d26 -> d40 -> d31 -> d10 -> d44 -> o
Courier 2: o -> d24 -> d16 -> d25 -> d28 -> d19 -> d12 -> d32 -> d7 -> d4 -> d15 -> d3 -> d18 -> d36 -> d47 -> o
Courier 3: o -> d37 -> d17 -> d22 -> d47 -> d21 -> d5 -> d2 -> d33 -> d45 -> d23 -> d46 -> o
inst01-SMT Post optimization: 1998
OBJ: 
5097
5037
4985
4979
4966
4943
4902
4600
4599
4590
4528
4510
4433
4398
4309
4286
4277
4244
4206
Optimized the first Model!
Optimization-0-OBJ:
846
844
842
828
816
806
784
778
772
756
736
714
710
702
654
648
598
584
Done optimization for 0-courier
Optimization-1-OBJ:
288
286
278
276
274
272
268
260
254
250
246
Done optimization for 1-courier
Optimization-2-OBJ:
632
630
628
622
614
608
606
604
602
596
590
588
574
572
570
568
Done optimization for 2-courier
Optimization-3-OBJ:
604
546
542
540
476
460
452
450
444
426
424
420
410
406
404
402
394
Done optimization for 3-courier
Optimization-4-OBJ:
1080
1072
1068
1066
1064
1060
1042
1002
1000
996
976
970
968
960
956
944
910
846
830
828
826
806
784
756
698
694
690
678
662
660
Done optimization for 4-courier
Optimization-5-OBJ:
460
452
442
436
432
430
426
412
Done optimization for 5-courier
Optimization-6-OBJ:
696
686
684
672
670
668
650
638
636
632
618
616
610
602
580
576
572
554
552
542
530
522
512
502
492
490
488
Done optimization for 6-courier
Optimization-7-OBJ:
616
614
608
604
598
590
578
574
572
566
534
526
524
520
516
504
502
500
494
488
482
480
470
Done optimization for 7-courier
Optimization-8-OBJ:
634
600
596
590
Done optimization for 8-courier
Optimization-9-OBJ:
312
266
260
256
254
244
240
238
236
Done optimization for 9-courier
Courier 1: o -> d76 -> d143 -> d36 -> d23 -> d18 -> d69 -> d134 -> d78 -> d68 -> d118 -> d102 -> d30 -> d19 -> d135 -> d59 -> o
Courier 2: o -> d10 -> d34 -> d4 -> d27 -> d143 -> d77 -> d109 -> d90 -> d44 -> d132 -> d128 -> d86 -> d108 -> o
Courier 3: o -> d143 -> d113 -> d26 -> d37 -> d41 -> d43 -> d117 -> d21 -> d122 -> d17 -> d127 -> d24 -> d84 -> d67 -> o
Courier 4: o -> d89 -> d52 -> d75 -> d115 -> d97 -> d48 -> d58 -> d81 -> d28 -> d65 -> d143 -> d133 -> o
Courier 5: o -> d73 -> d39 -> d140 -> d143 -> d64 -> d32 -> d92 -> d119 -> d125 -> d53 -> d66 -> d60 -> d110 -> d35 -> d56 -> d99 -> o
Courier 6: o -> d143 -> d104 -> d82 -> d124 -> d33 -> d100 -> d114 -> d55 -> d7 -> d16 -> d61 -> d38 -> d70 -> d94 -> d131 -> d138 -> d12 -> d0 -> o
Courier 7: o -> d50 -> d107 -> d49 -> d2 -> d79 -> d13 -> d72 -> d143 -> d103 -> d42 -> d85 -> d20 -> d15 -> d54 -> o
Courier 8: o -> d121 -> d83 -> d105 -> d143 -> d126 -> d120 -> d87 -> d51 -> d98 -> d129 -> d22 -> d80 -> d137 -> d95 -> d29 -> o
Courier 9: o -> d14 -> d142 -> d91 -> d130 -> d8 -> d139 -> d88 -> d46 -> d40 -> d9 -> d111 -> d11 -> d116 -> d3 -> d74 -> d5 -> d143 -> o
Courier 10: o -> d143 -> d101 -> d93 -> d47 -> d96 -> d63 -> d136 -> d141 -> d1 -> o
inst03-SMT Post optimization: 4648
OBJ: 
3357
3290
3265
3222
3204
Optimized the first Model!
Optimization-0-OBJ:
1128
1126
1056
1032
1004
954
952
940
932
920
914
Done optimization for 0-courier
Optimization-1-OBJ:
996
960
922
874
864
856
850
844
816
814
Done optimization for 1-courier
Optimization-2-OBJ:
884
850
820
730
662
Done optimization for 2-courier
Optimization-3-OBJ:
826
822
814
808
804
792
746
734
724
710
706
700
696
692
690
Done optimization for 3-courier
Courier 1: o -> d22 -> d25 -> d12 -> d60 -> d46 -> d23 -> d49 -> d63 -> d67 -> d57 -> d39 -> d71 -> d34 -> d1 -> d32 -> d48 -> d11 -> o
Courier 2: o -> d29 -> d19 -> d26 -> d17 -> d64 -> d8 -> d69 -> d10 -> d5 -> d0 -> d50 -> d58 -> d71 -> d65 -> d36 -> d41 -> d18 -> d59 -> d30 -> d9 -> o
Courier 3: o -> d44 -> d14 -> d52 -> d4 -> d62 -> d3 -> d28 -> d51 -> d31 -> d24 -> d71 -> d42 -> d6 -> d40 -> d27 -> d45 -> o
Courier 4: o -> d71 -> d47 -> d20 -> d66 -> d38 -> d37 -> d35 -> d21 -> d53 -> d2 -> d15 -> d55 -> d33 -> d7 -> d56 -> d43 -> d61 -> d54 -> o
inst07-SMT Post optimization: 3080
OBJ: 
3549
3509
3453
3399
3347
3324
3304
2980
2960
2935
2923
2911
2909
2907
2849
2755
2754
2741
2703
2689
Optimized the first Model!
Optimization-0-OBJ:
502
488
426
402
386
382
378
366
Done optimization for 0-courier
Optimization-1-OBJ:
964
960
954
942
928
870
866
852
840
834
830
808
802
792
780
770
766
738
728
690
688
686
Done optimization for 1-courier
Optimization-2-OBJ:
1656
1608
1576
1558
1510
1492
1474
1472
1402
1390
1328
1324
1262
1258
1246
1216
1212
1206
1202
1200
1196
1178
Done optimization for 2-courier
Courier 1: o -> d8 -> d39 -> d16 -> d17 -> d22 -> d0 -> d47 -> d43 -> o
Courier 2: o -> d37 -> d1 -> d34 -> d15 -> d23 -> d41 -> d42 -> d45 -> d33 -> d9 -> d44 -> d10 -> d2 -> d5 -> d47 -> d30 -> d29 -> d46 -> o
Courier 3: o -> d35 -> d13 -> d3 -> d26 -> d20 -> d6 -> d47 -> d36 -> d25 -> d27 -> d12 -> d4 -> d7 -> d28 -> d32 -> d19 -> d18 -> d21 -> d14 -> d24 -> d38 -> o
inst11-SMT Post optimization: 2230
